<?xml version="1.0" encoding="UTF-8"?>
<testng-results skipped="1" failed="0" total="3" passed="2">
  <reporter-output>
  </reporter-output>
  <suite name="WikipediaSouthwestSuite" duration-ms="123880" started-at="2016-05-28T03:20:23Z" finished-at="2016-05-28T03:22:27Z">
    <groups>
    </groups>
    <test name="WikipediaTest" duration-ms="65111" started-at="2016-05-28T03:20:23Z" finished-at="2016-05-28T03:21:28Z">
      <class name="com.opit.test.selenium.WikipediaGoogleTestExample">
        <test-method status="PASS" signature="oneTimeLogging()[pri:0, instance:com.opit.test.selenium.WikipediaGoogleTestExample@646229b3]" name="oneTimeLogging" is-config="true" duration-ms="2" started-at="2016-05-27T20:20:23Z" finished-at="2016-05-27T20:20:23Z">
          <reporter-output>
          </reporter-output>
        </test-method> <!-- oneTimeLogging -->
        <test-method status="PASS" signature="openBrowser()[pri:0, instance:com.opit.test.selenium.WikipediaGoogleTestExample@646229b3]" name="openBrowser" is-config="true" duration-ms="20332" started-at="2016-05-27T20:20:23Z" finished-at="2016-05-27T20:20:43Z">
          <reporter-output>
          </reporter-output>
        </test-method> <!-- openBrowser -->
        <test-method status="PASS" signature="testWikipediaSearchOnFirefox()[pri:1, instance:com.opit.test.selenium.WikipediaGoogleTestExample@646229b3]" name="testWikipediaSearchOnFirefox" duration-ms="22419" started-at="2016-05-27T20:20:43Z" finished-at="2016-05-27T20:21:06Z">
          <reporter-output>
          </reporter-output>
        </test-method> <!-- testWikipediaSearchOnFirefox -->
        <test-method status="PASS" signature="closeBrowser()[pri:0, instance:com.opit.test.selenium.WikipediaGoogleTestExample@646229b3]" name="closeBrowser" is-config="true" duration-ms="105" started-at="2016-05-27T20:21:06Z" finished-at="2016-05-27T20:21:06Z">
          <reporter-output>
          </reporter-output>
        </test-method> <!-- closeBrowser -->
        <test-method status="PASS" signature="openBrowser()[pri:0, instance:com.opit.test.selenium.WikipediaGoogleTestExample@646229b3]" name="openBrowser" is-config="true" duration-ms="21747" started-at="2016-05-27T20:21:06Z" finished-at="2016-05-27T20:21:27Z">
          <reporter-output>
          </reporter-output>
        </test-method> <!-- openBrowser -->
        <test-method status="SKIP" signature="testGoogleSearchOnFirefox()[pri:2, instance:com.opit.test.selenium.WikipediaGoogleTestExample@646229b3]" name="testGoogleSearchOnFirefox" duration-ms="1" started-at="2016-05-27T20:21:27Z" finished-at="2016-05-27T20:21:27Z">
          <exception class="org.testng.SkipException">
            <message>
              <![CDATA[Skipping the google test]]>
            </message>
            <full-stacktrace>
              <![CDATA[org.testng.SkipException: Skipping the google test
	at com.opit.test.selenium.WikipediaGoogleTestExample.testGoogleSearchOnFirefox(WikipediaGoogleTestExample.java:70)
	at sun.reflect.NativeMethodAccessorImpl.invoke0(Native Method)
	at sun.reflect.NativeMethodAccessorImpl.invoke(NativeMethodAccessorImpl.java:57)
	at sun.reflect.DelegatingMethodAccessorImpl.invoke(DelegatingMethodAccessorImpl.java:43)
	at java.lang.reflect.Method.invoke(Method.java:606)
	at org.testng.internal.MethodInvocationHelper.invokeMethod(MethodInvocationHelper.java:85)
	at org.testng.internal.Invoker.invokeMethod(Invoker.java:639)
	at org.testng.internal.Invoker.invokeTestMethod(Invoker.java:816)
	at org.testng.internal.Invoker.invokeTestMethods(Invoker.java:1124)
	at org.testng.internal.TestMethodWorker.invokeTestMethods(TestMethodWorker.java:125)
	at org.testng.internal.TestMethodWorker.run(TestMethodWorker.java:108)
	at org.testng.TestRunner.privateRun(TestRunner.java:774)
	at org.testng.TestRunner.run(TestRunner.java:624)
	at org.testng.SuiteRunner.runTest(SuiteRunner.java:359)
	at org.testng.SuiteRunner.runSequentially(SuiteRunner.java:354)
	at org.testng.SuiteRunner.privateRun(SuiteRunner.java:312)
	at org.testng.SuiteRunner.run(SuiteRunner.java:261)
	at org.testng.SuiteRunnerWorker.runSuite(SuiteRunnerWorker.java:52)
	at org.testng.SuiteRunnerWorker.run(SuiteRunnerWorker.java:86)
	at org.testng.TestNG.runSuitesSequentially(TestNG.java:1215)
	at org.testng.TestNG.runSuitesLocally(TestNG.java:1140)
	at org.testng.TestNG.run(TestNG.java:1048)
	at org.testng.TestNG.privateMain(TestNG.java:1355)
	at org.testng.TestNG.main(TestNG.java:1324)
]]>
            </full-stacktrace>
          </exception> <!-- org.testng.SkipException -->
          <reporter-output>
          </reporter-output>
        </test-method> <!-- testGoogleSearchOnFirefox -->
        <test-method status="PASS" signature="closeBrowser()[pri:0, instance:com.opit.test.selenium.WikipediaGoogleTestExample@646229b3]" name="closeBrowser" is-config="true" duration-ms="450" started-at="2016-05-27T20:21:27Z" finished-at="2016-05-27T20:21:28Z">
          <reporter-output>
          </reporter-output>
        </test-method> <!-- closeBrowser -->
        <test-method status="PASS" signature="closeLogging()[pri:0, instance:com.opit.test.selenium.WikipediaGoogleTestExample@646229b3]" name="closeLogging" is-config="true" duration-ms="2" started-at="2016-05-27T20:21:28Z" finished-at="2016-05-27T20:21:28Z">
          <reporter-output>
          </reporter-output>
        </test-method> <!-- closeLogging -->
      </class> <!-- com.opit.test.selenium.WikipediaGoogleTestExample -->
    </test> <!-- WikipediaTest -->
    <test name="SouthwestTest" duration-ms="58328" started-at="2016-05-28T03:21:28Z" finished-at="2016-05-28T03:22:27Z">
      <class name="com.opit.test.selenium.SouthwestExample">
        <test-method status="PASS" signature="loggingBeforeSuite()[pri:0, instance:com.opit.test.selenium.SouthwestExample@47dccc2]" name="loggingBeforeSuite" is-config="true" duration-ms="53" started-at="2016-05-27T20:20:23Z" finished-at="2016-05-27T20:20:23Z">
          <reporter-output>
          </reporter-output>
        </test-method> <!-- loggingBeforeSuite -->
        <test-method status="PASS" signature="setUp()[pri:0, instance:com.opit.test.selenium.SouthwestExample@47dccc2]" name="setUp" is-config="true" duration-ms="27861" started-at="2016-05-27T20:21:28Z" finished-at="2016-05-27T20:21:56Z">
          <reporter-output>
          </reporter-output>
        </test-method> <!-- setUp -->
        <test-method status="PASS" signature="test()[pri:0, instance:com.opit.test.selenium.SouthwestExample@47dccc2]" name="test" duration-ms="30446" started-at="2016-05-27T20:21:56Z" finished-at="2016-05-27T20:22:27Z">
          <reporter-output>
          </reporter-output>
        </test-method> <!-- test -->
        <test-method status="PASS" signature="tearDown()[pri:0, instance:com.opit.test.selenium.SouthwestExample@47dccc2]" name="tearDown" is-config="true" duration-ms="1" started-at="2016-05-27T20:22:27Z" finished-at="2016-05-27T20:22:27Z">
          <reporter-output>
          </reporter-output>
        </test-method> <!-- tearDown -->
        <test-method status="PASS" signature="loggingAfterSuite()[pri:0, instance:com.opit.test.selenium.SouthwestExample@47dccc2]" name="loggingAfterSuite" is-config="true" duration-ms="1" started-at="2016-05-27T20:22:27Z" finished-at="2016-05-27T20:22:27Z">
          <reporter-output>
          </reporter-output>
        </test-method> <!-- loggingAfterSuite -->
      </class> <!-- com.opit.test.selenium.SouthwestExample -->
    </test> <!-- SouthwestTest -->
  </suite> <!-- WikipediaSouthwestSuite -->
</testng-results>
