<?xml version="1.0" encoding="UTF-8"?>
<!-- Generated by org.testng.reporters.JUnitXMLReporter -->
<testsuite hostname="WINDOWS-H1ADOPU" name="WikipediaTest" tests="2" failures="0" timestamp="28 May 2016 03:21:28 GMT" time="65.111" errors="0">
  <testcase name="testWikipediaSearchOnFirefox" time="22.419" classname="com.opit.test.selenium.WikipediaGoogleTestExample"/>
  <testcase name="testGoogleSearchOnFirefox" time="0.001" classname="com.opit.test.selenium.WikipediaGoogleTestExample">
    <skipped/>
  </testcase> <!-- testGoogleSearchOnFirefox -->
</testsuite> <!-- WikipediaTest -->
